<?xml version="1.0" encoding="UTF-8"?>
<!-- Generated by org.testng.reporters.JUnitXMLReporter -->
<testsuite ignored="0" hostname="LAPTOP-NBCD1KMT" failures="1" tests="3" name="Firefox" time="12.835" errors="0" timestamp="2024-04-12T16:12:34 IST">
  <testcase classname="com.seleniumgrid.config.firefoxbrowserconfig" name="setConfiguration" time="5.966"/>
  <testcase classname="com.app.test.TestCase38" name="setBrowserConfig" time="5.545"/>
  <testcase classname="com.app.test.TestCase38" name="regression" time="1.238">
    <failure type="java.lang.IllegalArgumentException" message="Locator must be set">
      <![CDATA[java.lang.IllegalArgumentException: Locator must be set
at org.openqa.selenium.internal.Require.nonNull(Require.java:60)
at org.openqa.selenium.remote.RemoteWebDriver.findElement(RemoteWebDriver.java:347)
at com.app.pages.Dashboard.setProduct3_Button(Dashboard.java:193)
at com.app.test.TestCase38.regression(TestCase38.java:124)
at java.base/java.util.ArrayList.forEach(ArrayList.java:1511)
... Removed 27 stack frames]]>
    </failure>
  </testcase> <!-- regression -->
</testsuite> <!-- Firefox -->
